{"message":"GET / 200 - - 78.219 ms\n","level":"info","timestamp":"2018-08-06T09:50:16.471Z"}
{"message":"GET / 304 - - 146.532 ms\n","level":"info","timestamp":"2018-08-06T09:51:39.738Z"}
{"message":"GET / 304 - - 4.425 ms\n","level":"info","timestamp":"2018-08-06T09:51:45.720Z"}
{"message":"GET / 304 - - 62.976 ms\n","level":"info","timestamp":"2018-08-06T10:08:18.784Z"}
{"message":"GET / 304 - - 55.575 ms\n","level":"info","timestamp":"2018-08-06T10:08:56.604Z"}
{"message":"GET / 304 - - 8.090 ms\n","level":"info","timestamp":"2018-08-06T10:08:57.523Z"}
{"message":"POST /api/pipay 201 472 - 1256.655 ms\n","level":"info","timestamp":"2018-08-06T10:10:14.684Z"}
{"message":"GET / 304 - - 77.343 ms\n","level":"info","timestamp":"2018-08-06T10:12:42.751Z"}
{"message":"GET / 304 - - 4.988 ms\n","level":"info","timestamp":"2018-08-06T10:12:44.490Z"}
{"message":"GET / 304 - - 2.689 ms\n","level":"info","timestamp":"2018-08-06T10:12:46.914Z"}
{"message":"POST /api/pipay 201 472 - 1206.772 ms\n","level":"info","timestamp":"2018-08-06T10:15:30.080Z"}
{"message":"POST /api/pipay 201 472 - 1217.477 ms\n","level":"info","timestamp":"2018-08-06T10:17:28.458Z"}
{"message":"POST /api/pipay 201 472 - 1276.783 ms\n","level":"info","timestamp":"2018-08-06T10:21:21.463Z"}
{"level":"error","timestamp":"2018-08-06T10:28:29.698Z"}
{"message":"GET /api/pipay/payment-currencies/dWpJN28knq2MEYrZ7Gjm9w 500 47 - 1.694 ms\n","level":"info","timestamp":"2018-08-06T10:28:29.699Z"}
{"level":"error","timestamp":"2018-08-06T10:29:24.462Z"}
{"message":"GET /api/pipay/payment-currencies/dWpJN28knq2MEYrZ7Gjm9w 500 47 - 1187.342 ms\n","level":"info","timestamp":"2018-08-06T10:29:24.463Z"}
{"level":"error","timestamp":"2018-08-06T10:30:28.830Z"}
{"message":"GET /api/pipay/payment-currencies/dWpJN28knq2MEYrZ7Gjm9w 500 47 - 935.837 ms\n","level":"info","timestamp":"2018-08-06T10:30:28.831Z"}
{"message":"GET /api/pipay/payment-currencies 404 - - 12.269 ms\n","level":"info","timestamp":"2018-08-06T10:31:19.607Z"}
{"level":"error","timestamp":"2018-08-06T10:31:29.334Z"}
{"message":"GET /api/pipay/payment-currencies/dWpJN28knq2MEYrZ7Gjm9w 500 47 - 915.519 ms\n","level":"info","timestamp":"2018-08-06T10:31:29.335Z"}
{"level":"error","timestamp":"2018-08-06T10:33:53.297Z"}
{"message":"GET /api/pipay/payment-currencies/dWpJN28knq2MEYrZ7Gjm9w 500 47 - 899.810 ms\n","level":"info","timestamp":"2018-08-06T10:33:53.298Z"}
{"level":"error","timestamp":"2018-08-06T10:34:11.704Z"}
{"message":"GET /api/pipay/payment-currencies/dWpJN28knq2MEYrZ7Gjm9w 500 47 - 989.853 ms\n","level":"info","timestamp":"2018-08-06T10:34:11.705Z"}
{"level":"error","timestamp":"2018-08-06T10:35:32.192Z"}
{"message":"GET /api/pipay/payment-currencies/dWpJN28knq2MEYrZ7Gjm9w 500 47 - 1040.651 ms\n","level":"info","timestamp":"2018-08-06T10:35:32.193Z"}
{"level":"error","timestamp":"2018-08-06T10:39:08.980Z"}
{"message":"GET /api/pipay/payment-currencies/dWpJN28knq2MEYrZ7Gjm9w 500 47 - 939.725 ms\n","level":"info","timestamp":"2018-08-06T10:39:08.981Z"}
{"message":"POST /api/pipay/payment-request 201 472 - 1328.964 ms\n","level":"info","timestamp":"2018-08-06T10:42:12.064Z"}
{"message":"GET /api/pipay/payment-currencies/dWpJN28knq2MEYrZ7Gjm9w 200 748 - 955.753 ms\n","level":"info","timestamp":"2018-08-06T10:42:32.619Z"}
{"message":"GET /api/pipay/payment-currencies/dWpJN28knq2MEYrZ7Gjm9w 200 748 - 979.890 ms\n","level":"info","timestamp":"2018-08-06T10:43:17.908Z"}
{"message":"GET /api/pipay/payment-currencies/dWpJN28knq2MEYrZ7Gjm9w 200 748 - 1136.273 ms\n","level":"info","timestamp":"2018-08-06T10:51:40.809Z"}
{"message":"GET /api 200 - - 0.560 ms\n","level":"info","timestamp":"2018-08-06T10:56:39.115Z"}
{"message":"GET / 200 - - 91.382 ms\n","level":"info","timestamp":"2018-08-06T11:48:15.355Z"}
{"message":"GET / 304 - - 4.412 ms\n","level":"info","timestamp":"2018-08-06T11:48:19.727Z"}
{"message":"GET / 200 - - 46.672 ms\n","level":"info","timestamp":"2018-08-06T11:49:16.484Z"}
{"message":"GET / 304 - - 5.251 ms\n","level":"info","timestamp":"2018-08-06T11:49:20.482Z"}
{"message":"GET /currencies 200 - - 5.599 ms\n","level":"info","timestamp":"2018-08-06T11:49:22.664Z"}
{"message":"GET / 304 - - 83.202 ms\n","level":"info","timestamp":"2018-08-06T11:54:40.166Z"}
{"message":"GET / 304 - - 5.075 ms\n","level":"info","timestamp":"2018-08-06T11:54:42.640Z"}
{"message":"GET /currencies 200 - - 6.896 ms\n","level":"info","timestamp":"2018-08-06T11:54:48.235Z"}
{"message":"GET / 200 - - 73.071 ms\n","level":"info","timestamp":"2018-08-06T11:59:35.342Z"}
{"message":"GET /currencies 200 - - 18.854 ms\n","level":"info","timestamp":"2018-08-06T11:59:37.800Z"}
{"message":"GET / 304 - - 4.490 ms\n","level":"info","timestamp":"2018-08-06T11:59:38.518Z"}
{"message":"GET /currencies 304 - - 3.565 ms\n","level":"info","timestamp":"2018-08-06T11:59:44.080Z"}
{"message":"GET / 304 - - 85.530 ms\n","level":"info","timestamp":"2018-08-06T12:01:31.490Z"}
{"message":"GET / 304 - - 3.677 ms\n","level":"info","timestamp":"2018-08-06T12:01:34.492Z"}
{"message":"GET / 200 - - 79.745 ms\n","level":"info","timestamp":"2018-08-06T12:04:33.456Z"}
{"message":"GET / 304 - - 5.104 ms\n","level":"info","timestamp":"2018-08-06T12:04:36.542Z"}
{"level":"error","timestamp":"2018-08-06T13:18:46.813Z"}
{"level":"error","timestamp":"2018-08-06T13:20:03.554Z"}
{"level":"error","timestamp":"2018-08-06T13:20:34.122Z"}
{"level":"error","timestamp":"2018-08-06T13:22:17.290Z"}
{"level":"error","timestamp":"2018-08-06T13:24:31.054Z"}
{"level":"error","timestamp":"2018-08-06T13:41:20.861Z"}
{"context":{"router":{"baseUrl":"","context":{"router":"[Circular]"},"root":{"path":"/form","children":[{"path":"/error"},{"path":"/"},{"path":"/currencies"},{"path":"(.*)"}],"parent":null}},"pathname":"/","query":{}},"code":404,"level":"error","timestamp":"2018-08-06T13:47:06.718Z"}
{"context":{"router":{"baseUrl":"","context":{"router":"[Circular]"},"root":{"path":"/form","children":[{"path":"/error"},{"path":"/"},{"path":"/currencies"},{"path":"(.*)"}],"parent":null}},"pathname":"/","query":{}},"code":404,"level":"error","timestamp":"2018-08-06T13:58:42.873Z"}
{"level":"error","timestamp":"2018-08-06T15:05:54.576Z"}
{"level":"error","timestamp":"2018-08-06T15:07:18.710Z"}
{"level":"error","timestamp":"2018-08-06T15:09:03.813Z"}
{"level":"error","timestamp":"2018-08-06T15:10:47.218Z"}
{"level":"error","timestamp":"2018-08-06T15:26:33.852Z"}
{"level":"error","timestamp":"2018-08-06T15:26:43.563Z"}
{"level":"error","timestamp":"2018-08-06T15:33:28.463Z"}
{"context":{"router":{"baseUrl":"","context":{"router":"[Circular]"},"root":{"path":"","children":[{"path":"/error","parent":"[Circular]"},{"path":"/","parent":"[Circular]"},{"path":"/currencies","parent":"[Circular]"},{"path":"(.*)","parent":"[Circular]"}],"parent":null}},"pathname":"/babel/parser/lib/index.js","query":{},"route":{"path":"(.*)","parent":"[Circular]"},"baseUrl":"","path":"/babel/parser/lib/index.js","keys":[{"name":0,"prefix":"","delimiter":"/","optional":false,"repeat":false,"partial":false,"pattern":".*"}],"params":{"0":"/babel/parser/lib/index.js"}},"code":500,"level":"error","timestamp":"2018-08-06T17:01:40.571Z"}
{"context":{"router":{"baseUrl":"","context":{"router":"[Circular]"},"root":{"path":"","children":[{"path":"/error","parent":"[Circular]"},{"path":"/","parent":"[Circular]"},{"path":"/currencies"},{"path":"(.*)"}],"parent":null}},"pathname":"/","query":{},"route":{"path":"/","parent":"[Circular]"},"baseUrl":"","path":"/","keys":[],"params":{}},"code":500,"level":"error","timestamp":"2018-08-06T17:39:15.237Z"}
{"context":{"router":{"baseUrl":"","context":{"router":"[Circular]"},"root":{"path":"","children":[{"path":"/error","parent":"[Circular]"},{"path":"/","parent":"[Circular]"},{"path":"/currencies"},{"path":"(.*)"}],"parent":null}},"pathname":"/","query":{},"route":{"path":"/","parent":"[Circular]"},"baseUrl":"","path":"/","keys":[],"params":{}},"code":500,"level":"error","timestamp":"2018-08-06T17:39:25.434Z"}
{"level":"error","timestamp":"2018-08-06T17:41:46.420Z"}
{"level":"error","timestamp":"2018-08-06T17:42:13.213Z"}
{"level":"error","timestamp":"2018-08-06T17:42:20.997Z"}
{"level":"error","timestamp":"2018-08-06T17:47:35.306Z"}
{"level":"error","timestamp":"2018-08-06T17:54:47.449Z"}
{"level":"error","timestamp":"2018-08-06T17:55:01.596Z"}
{"level":"error","timestamp":"2018-08-06T17:55:03.720Z"}
{"level":"error","timestamp":"2018-08-06T17:55:11.968Z"}
{"level":"error","timestamp":"2018-08-06T18:18:22.416Z"}
{"level":"error","timestamp":"2018-08-06T18:24:17.811Z"}
{"level":"error","timestamp":"2018-08-06T18:26:20.417Z"}
{"level":"error","timestamp":"2018-08-06T18:31:12.750Z"}
{"level":"error","timestamp":"2018-08-06T18:32:31.975Z"}
{"level":"error","timestamp":"2018-08-06T18:41:12.306Z"}
{"level":"error","timestamp":"2018-08-06T18:43:21.862Z"}
{"level":"error","timestamp":"2018-08-06T18:59:23.290Z"}
{"level":"error","timestamp":"2018-08-06T19:02:51.375Z"}
{"level":"error","timestamp":"2018-08-06T19:11:48.760Z"}
{"level":"error","timestamp":"2018-08-06T19:12:58.407Z"}
{"level":"error","timestamp":"2018-08-06T19:14:23.957Z"}
{"level":"error","timestamp":"2018-08-06T19:14:49.604Z"}
{"level":"error","timestamp":"2018-08-06T19:17:27.179Z"}
{"level":"error","timestamp":"2018-08-06T19:19:10.391Z"}
{"level":"error","timestamp":"2018-08-06T19:23:11.210Z"}
{"level":"error","timestamp":"2018-08-06T19:23:45.663Z"}
{"level":"error","timestamp":"2018-08-06T19:24:49.021Z"}
{"level":"error","timestamp":"2018-08-06T19:24:54.224Z"}
{"level":"error","timestamp":"2018-08-06T19:52:24.833Z"}
{"level":"error","timestamp":"2018-08-06T20:46:13.467Z"}
{"level":"error","timestamp":"2018-08-06T21:05:27.618Z"}
{"level":"error","timestamp":"2018-08-06T21:05:32.836Z"}
{"level":"error","timestamp":"2018-08-06T21:05:47.591Z"}
{"context":{"router":{"baseUrl":"","context":{"router":"[Circular]"},"root":{"path":"","children":[{"path":"/error","parent":"[Circular]"},{"path":"/","parent":"[Circular]"},{"path":"/currencies","parent":"[Circular]"},{"path":"(.*)"}],"parent":null}},"pathname":"/currencies","query":{},"route":{"path":"/currencies","parent":"[Circular]"},"baseUrl":"","path":"/currencies","keys":[],"params":{}},"code":500,"level":"error","timestamp":"2018-08-06T21:40:16.950Z"}
{"level":"error","timestamp":"2018-08-06T21:45:48.257Z"}
{"level":"error","timestamp":"2018-08-06T21:56:58.270Z"}
